# JRE version: OpenJDK Runtime Environment (8.0_91-b14) (build 1.8.0_91-8u91-b14-3ubuntu1~16.04.1-b14)
# Java VM: OpenJDK 64-Bit Server VM (25.91-b14 mixed mode linux-amd64 compressed oops)
Heap:
 PSYoungGen      total 107008K, used 6638K [0x00000000eab00000, 0x00000000f1f80000, 0x0000000100000000)
  eden space 100352K, 0% used [0x00000000eab00000,0x00000000eab00000,0x00000000f0d00000)
  from space 6656K, 99% used [0x00000000f1280000,0x00000000f18fb8e0,0x00000000f1900000)
  to   space 5120K, 0% used [0x00000000f1a80000,0x00000000f1a80000,0x00000000f1f80000)
 ParOldGen       total 17920K, used 9538K [0x00000000c0000000, 0x00000000c1180000, 0x00000000eab00000)
  object space 17920K, 53% used [0x00000000c0000000,0x00000000c0950848,0x00000000c1180000)
 Metaspace       used 34053K, capacity 34480K, committed 34688K, reserved 1079296K
  class space    used 4827K, capacity 4931K, committed 4992K, reserved 1048576K
GC Heap History (10 events):
Event: 4.556 GC heap after
Heap after GC invocations=7 (full 0):
 PSYoungGen      total 37888K, used 3064K [0x00000000eab00000, 0x00000000ef700000, 0x0000000100000000)
  eden space 34816K, 0% used [0x00000000eab00000,0x00000000eab00000,0x00000000ecd00000)
  from space 3072K, 99% used [0x00000000ecd00000,0x00000000ecffe260,0x00000000ed000000)
  to   space 4096K, 0% used [0x00000000ef300000,0x00000000ef300000,0x00000000ef700000)
 ParOldGen       total 22016K, used 6476K [0x00000000c0000000, 0x00000000c1580000, 0x00000000eab00000)
  object space 22016K, 29% used [0x00000000c0000000,0x00000000c0653328,0x00000000c1580000)
 Metaspace       used 15774K, capacity 15956K, committed 16256K, reserved 1062912K
  class space    used 2233K, capacity 2309K, committed 2432K, reserved 1048576K
}
Event: 8.554 GC heap before
{Heap before GC invocations=8 (full 0):
 PSYoungGen      total 37888K, used 37880K [0x00000000eab00000, 0x00000000ef700000, 0x0000000100000000)
  eden space 34816K, 100% used [0x00000000eab00000,0x00000000ecd00000,0x00000000ecd00000)
  from space 3072K, 99% used [0x00000000ecd00000,0x00000000ecffe260,0x00000000ed000000)
  to   space 4096K, 0% used [0x00000000ef300000,0x00000000ef300000,0x00000000ef700000)
 ParOldGen       total 22016K, used 6476K [0x00000000c0000000, 0x00000000c1580000, 0x00000000eab00000)
  object space 22016K, 29% used [0x00000000c0000000,0x00000000c0653328,0x00000000c1580000)
 Metaspace       used 19965K, capacity 20182K, committed 20352K, reserved 1067008K
  class space    used 2747K, capacity 2823K, committed 2944K, reserved 1048576K
Event: 8.579 GC heap after
Heap after GC invocations=8 (full 0):
 PSYoungGen      total 72192K, used 4075K [0x00000000eab00000, 0x00000000efa00000, 0x0000000100000000)
  eden space 68096K, 0% used [0x00000000eab00000,0x00000000eab00000,0x00000000eed80000)
  from space 4096K, 99% used [0x00000000ef300000,0x00000000ef6faca8,0x00000000ef700000)
  to   space 5632K, 0% used [0x00000000eed80000,0x00000000eed80000,0x00000000ef300000)
 ParOldGen       total 22016K, used 8244K [0x00000000c0000000, 0x00000000c1580000, 0x00000000eab00000)
  object space 22016K, 37% used [0x00000000c0000000,0x00000000c080d020,0x00000000c1580000)
 Metaspace       used 19965K, capacity 20182K, committed 20352K, reserved 1067008K
  class space    used 2747K, capacity 2823K, committed 2944K, reserved 1048576K
}
Event: 8.776 GC heap before
{Heap before GC invocations=9 (full 0):
 PSYoungGen      total 72192K, used 14931K [0x00000000eab00000, 0x00000000efa00000, 0x0000000100000000)
  eden space 68096K, 15% used [0x00000000eab00000,0x00000000eb59a078,0x00000000eed80000)
  from space 4096K, 99% used [0x00000000ef300000,0x00000000ef6faca8,0x00000000ef700000)
  to   space 5632K, 0% used [0x00000000eed80000,0x00000000eed80000,0x00000000ef300000)
 ParOldGen       total 22016K, used 8244K [0x00000000c0000000, 0x00000000c1580000, 0x00000000eab00000)
  object space 22016K, 37% used [0x00000000c0000000,0x00000000c080d020,0x00000000c1580000)
 Metaspace       used 20811K, capacity 21064K, committed 21296K, reserved 1067008K
  class space    used 2875K, capacity 2922K, committed 2944K, reserved 1048576K
Event: 8.786 GC heap after
Heap after GC invocations=9 (full 0):
 PSYoungGen      total 73728K, used 3145K [0x00000000eab00000, 0x00000000f1f80000, 0x0000000100000000)
  eden space 68096K, 0% used [0x00000000eab00000,0x00000000eab00000,0x00000000eed80000)
  from space 5632K, 55% used [0x00000000eed80000,0x00000000ef092748,0x00000000ef300000)
  to   space 5120K, 0% used [0x00000000f1a80000,0x00000000f1a80000,0x00000000f1f80000)
 ParOldGen       total 22016K, used 8796K [0x00000000c0000000, 0x00000000c1580000, 0x00000000eab00000)
  object space 22016K, 39% used [0x00000000c0000000,0x00000000c0897058,0x00000000c1580000)
 Metaspace       used 20811K, capacity 21064K, committed 21296K, reserved 1067008K
  class space    used 2875K, capacity 2922K, committed 2944K, reserved 1048576K
}
Event: 8.786 GC heap before
{Heap before GC invocations=10 (full 1):
 PSYoungGen      total 73728K, used 3145K [0x00000000eab00000, 0x00000000f1f80000, 0x0000000100000000)
  eden space 68096K, 0% used [0x00000000eab00000,0x00000000eab00000,0x00000000eed80000)
  from space 5632K, 55% used [0x00000000eed80000,0x00000000ef092748,0x00000000ef300000)
  to   space 5120K, 0% used [0x00000000f1a80000,0x00000000f1a80000,0x00000000f1f80000)
 ParOldGen       total 22016K, used 8796K [0x00000000c0000000, 0x00000000c1580000, 0x00000000eab00000)
  object space 22016K, 39% used [0x00000000c0000000,0x00000000c0897058,0x00000000c1580000)
 Metaspace       used 20811K, capacity 21064K, committed 21296K, reserved 1067008K
  class space    used 2875K, capacity 2922K, committed 2944K, reserved 1048576K
Event: 8.866 GC heap after
Heap after GC invocations=10 (full 1):
 PSYoungGen      total 73728K, used 0K [0x00000000eab00000, 0x00000000f1f80000, 0x0000000100000000)
  eden space 68096K, 0% used [0x00000000eab00000,0x00000000eab00000,0x00000000eed80000)
  from space 5632K, 0% used [0x00000000eed80000,0x00000000eed80000,0x00000000ef300000)
  to   space 5120K, 0% used [0x00000000f1a80000,0x00000000f1a80000,0x00000000f1f80000)
 ParOldGen       total 17920K, used 4979K [0x00000000c0000000, 0x00000000c1180000, 0x00000000eab00000)
  object space 17920K, 27% used [0x00000000c0000000,0x00000000c04dcfd8,0x00000000c1180000)
 Metaspace       used 20811K, capacity 21064K, committed 21296K, reserved 1067008K
  class space    used 2875K, capacity 2922K, committed 2944K, reserved 1048576K
}
Event: 10.001 GC heap before
{Heap before GC invocations=11 (full 1):
 PSYoungGen      total 73728K, used 68096K [0x00000000eab00000, 0x00000000f1f80000, 0x0000000100000000)
  eden space 68096K, 100% used [0x00000000eab00000,0x00000000eed80000,0x00000000eed80000)
  from space 5632K, 0% used [0x00000000eed80000,0x00000000eed80000,0x00000000ef300000)
  to   space 5120K, 0% used [0x00000000f1a80000,0x00000000f1a80000,0x00000000f1f80000)
 ParOldGen       total 17920K, used 4979K [0x00000000c0000000, 0x00000000c1180000, 0x00000000eab00000)
  object space 17920K, 27% used [0x00000000c0000000,0x00000000c04dcfd8,0x00000000c1180000)
 Metaspace       used 26559K, capacity 26874K, committed 27136K, reserved 1073152K
  class space    used 3659K, capacity 3725K, committed 3840K, reserved 1048576K
Event: 10.044 GC heap after
Heap after GC invocations=11 (full 1):
 PSYoungGen      total 105472K, used 5114K [0x00000000eab00000, 0x00000000f1f80000, 0x0000000100000000)
  eden space 100352K, 0% used [0x00000000eab00000,0x00000000eab00000,0x00000000f0d00000)
  from space 5120K, 99% used [0x00000000f1a80000,0x00000000f1f7eae8,0x00000000f1f80000)
  to   space 6656K, 0% used [0x00000000f1280000,0x00000000f1280000,0x00000000f1900000)
 ParOldGen       total 17920K, used 6668K [0x00000000c0000000, 0x00000000c1180000, 0x00000000eab00000)
  object space 17920K, 37% used [0x00000000c0000000,0x00000000c06832f8,0x00000000c1180000)
 Metaspace       used 26559K, capacity 26874K, committed 27136K, reserved 1073152K
  class space    used 3659K, capacity 3725K, committed 3840K, reserved 1048576K
}
Event: 12.037 GC heap before
{Heap before GC invocations=12 (full 1):
 PSYoungGen      total 105472K, used 105466K [0x00000000eab00000, 0x00000000f1f80000, 0x0000000100000000)
  eden space 100352K, 100% used [0x00000000eab00000,0x00000000f0d00000,0x00000000f0d00000)
  from space 5120K, 99% used [0x00000000f1a80000,0x00000000f1f7eae8,0x00000000f1f80000)
  to   space 6656K, 0% used [0x00000000f1280000,0x00000000f1280000,0x00000000f1900000)
 ParOldGen       total 17920K, used 6668K [0x00000000c0000000, 0x00000000c1180000, 0x00000000eab00000)
  object space 17920K, 37% used [0x00000000c0000000,0x00000000c06832f8,0x00000000c1180000)
 Metaspace       used 34053K, capacity 34480K, committed 34688K, reserved 1079296K
  class space    used 4827K, capacity 4931K, committed 4992K, reserved 1048576K

