# JRE version: OpenJDK Runtime Environment (8.0_91-b14) (build 1.8.0_91-8u91-b14-3ubuntu1~16.04.1-b14)
# Java VM: OpenJDK 64-Bit Server VM (25.91-b14 mixed mode linux-amd64 compressed oops)
Heap:
 PSYoungGen      total 74240K, used 5067K [0x00000000eab00000, 0x00000000ef900000, 0x0000000100000000)
  eden space 69120K, 0% used [0x00000000eab00000,0x00000000eab00000,0x00000000eee80000)
  from space 5120K, 98% used [0x00000000eee80000,0x00000000ef372c80,0x00000000ef380000)
  to   space 4608K, 0% used [0x00000000ef380000,0x00000000ef380000,0x00000000ef800000)
 ParOldGen       total 22016K, used 9593K [0x00000000c0000000, 0x00000000c1580000, 0x00000000eab00000)
  object space 22016K, 43% used [0x00000000c0000000,0x00000000c095e790,0x00000000c1580000)
 Metaspace       used 20885K, capacity 21018K, committed 21248K, reserved 1067008K
  class space    used 2889K, capacity 2951K, committed 3072K, reserved 1048576K
GC Heap History (10 events):
Event: 0.965 GC heap after
Heap after GC invocations=2 (full 0):
 PSYoungGen      total 18432K, used 1020K [0x00000000eab00000, 0x00000000ebe00000, 0x0000000100000000)
  eden space 17408K, 0% used [0x00000000eab00000,0x00000000eab00000,0x00000000ebc00000)
  from space 1024K, 99% used [0x00000000ebd00000,0x00000000ebdff2a8,0x00000000ebe00000)
  to   space 1024K, 0% used [0x00000000ebc00000,0x00000000ebc00000,0x00000000ebd00000)
 ParOldGen       total 22016K, used 2029K [0x00000000c0000000, 0x00000000c1580000, 0x00000000eab00000)
  object space 22016K, 9% used [0x00000000c0000000,0x00000000c01fb488,0x00000000c1580000)
 Metaspace       used 4869K, capacity 6348K, committed 6656K, reserved 1056768K
  class space    used 612K, capacity 712K, committed 768K, reserved 1048576K
}
Event: 1.550 GC heap before
{Heap before GC invocations=3 (full 0):
 PSYoungGen      total 18432K, used 18428K [0x00000000eab00000, 0x00000000ebe00000, 0x0000000100000000)
  eden space 17408K, 100% used [0x00000000eab00000,0x00000000ebc00000,0x00000000ebc00000)
  from space 1024K, 99% used [0x00000000ebd00000,0x00000000ebdff2a8,0x00000000ebe00000)
  to   space 1024K, 0% used [0x00000000ebc00000,0x00000000ebc00000,0x00000000ebd00000)
 ParOldGen       total 22016K, used 2029K [0x00000000c0000000, 0x00000000c1580000, 0x00000000eab00000)
  object space 22016K, 9% used [0x00000000c0000000,0x00000000c01fb488,0x00000000c1580000)
 Metaspace       used 8177K, capacity 8260K, committed 8448K, reserved 1056768K
  class space    used 1154K, capacity 1200K, committed 1280K, reserved 1048576K
Event: 1.556 GC heap after
Heap after GC invocations=3 (full 0):
 PSYoungGen      total 18432K, used 1020K [0x00000000eab00000, 0x00000000ecf00000, 0x0000000100000000)
  eden space 17408K, 0% used [0x00000000eab00000,0x00000000eab00000,0x00000000ebc00000)
  from space 1024K, 99% used [0x00000000ebc00000,0x00000000ebcff288,0x00000000ebd00000)
  to   space 1024K, 0% used [0x00000000ece00000,0x00000000ece00000,0x00000000ecf00000)
 ParOldGen       total 22016K, used 3910K [0x00000000c0000000, 0x00000000c1580000, 0x00000000eab00000)
  object space 22016K, 17% used [0x00000000c0000000,0x00000000c03d1bc8,0x00000000c1580000)
 Metaspace       used 8177K, capacity 8260K, committed 8448K, reserved 1056768K
  class space    used 1154K, capacity 1200K, committed 1280K, reserved 1048576K
}
Event: 1.971 GC heap before
{Heap before GC invocations=4 (full 0):
 PSYoungGen      total 18432K, used 18428K [0x00000000eab00000, 0x00000000ecf00000, 0x0000000100000000)
  eden space 17408K, 100% used [0x00000000eab00000,0x00000000ebc00000,0x00000000ebc00000)
  from space 1024K, 99% used [0x00000000ebc00000,0x00000000ebcff288,0x00000000ebd00000)
  to   space 1024K, 0% used [0x00000000ece00000,0x00000000ece00000,0x00000000ecf00000)
 ParOldGen       total 22016K, used 3910K [0x00000000c0000000, 0x00000000c1580000, 0x00000000eab00000)
  object space 22016K, 17% used [0x00000000c0000000,0x00000000c03d1bc8,0x00000000c1580000)
 Metaspace       used 10826K, capacity 10980K, committed 11136K, reserved 1058816K
  class space    used 1564K, capacity 1616K, committed 1664K, reserved 1048576K
Event: 1.978 GC heap after
Heap after GC invocations=4 (full 0):
 PSYoungGen      total 35840K, used 1004K [0x00000000eab00000, 0x00000000ecf00000, 0x0000000100000000)
  eden space 34816K, 0% used [0x00000000eab00000,0x00000000eab00000,0x00000000ecd00000)
  from space 1024K, 98% used [0x00000000ece00000,0x00000000ecefb298,0x00000000ecf00000)
  to   space 1024K, 0% used [0x00000000ecd00000,0x00000000ecd00000,0x00000000ece00000)
 ParOldGen       total 22016K, used 6031K [0x00000000c0000000, 0x00000000c1580000, 0x00000000eab00000)
  object space 22016K, 27% used [0x00000000c0000000,0x00000000c05e3de0,0x00000000c1580000)
 Metaspace       used 10826K, capacity 10980K, committed 11136K, reserved 1058816K
  class space    used 1564K, capacity 1616K, committed 1664K, reserved 1048576K
}
Event: 3.154 GC heap before
{Heap before GC invocations=5 (full 0):
 PSYoungGen      total 35840K, used 35820K [0x00000000eab00000, 0x00000000ecf00000, 0x0000000100000000)
  eden space 34816K, 100% used [0x00000000eab00000,0x00000000ecd00000,0x00000000ecd00000)
  from space 1024K, 98% used [0x00000000ece00000,0x00000000ecefb298,0x00000000ecf00000)
  to   space 1024K, 0% used [0x00000000ecd00000,0x00000000ecd00000,0x00000000ece00000)
 ParOldGen       total 22016K, used 6031K [0x00000000c0000000, 0x00000000c1580000, 0x00000000eab00000)
  object space 22016K, 27% used [0x00000000c0000000,0x00000000c05e3de0,0x00000000c1580000)
 Metaspace       used 14365K, capacity 14530K, committed 14720K, reserved 1062912K
  class space    used 2036K, capacity 2115K, committed 2176K, reserved 1048576K
Event: 3.170 GC heap after
Heap after GC invocations=5 (full 0):
 PSYoungGen      total 35840K, used 1020K [0x00000000eab00000, 0x00000000ef800000, 0x0000000100000000)
  eden space 34816K, 0% used [0x00000000eab00000,0x00000000eab00000,0x00000000ecd00000)
  from space 1024K, 99% used [0x00000000ecd00000,0x00000000ecdff2a8,0x00000000ece00000)
  to   space 4608K, 0% used [0x00000000ef380000,0x00000000ef380000,0x00000000ef800000)
 ParOldGen       total 22016K, used 8913K [0x00000000c0000000, 0x00000000c1580000, 0x00000000eab00000)
  object space 22016K, 40% used [0x00000000c0000000,0x00000000c08b4598,0x00000000c1580000)
 Metaspace       used 14365K, capacity 14530K, committed 14720K, reserved 1062912K
  class space    used 2036K, capacity 2115K, committed 2176K, reserved 1048576K
}
Event: 7.583 GC heap before
{Heap before GC invocations=6 (full 0):
 PSYoungGen      total 35840K, used 35836K [0x00000000eab00000, 0x00000000ef800000, 0x0000000100000000)
  eden space 34816K, 100% used [0x00000000eab00000,0x00000000ecd00000,0x00000000ecd00000)
  from space 1024K, 99% used [0x00000000ecd00000,0x00000000ecdff2a8,0x00000000ece00000)
  to   space 4608K, 0% used [0x00000000ef380000,0x00000000ef380000,0x00000000ef800000)
 ParOldGen       total 22016K, used 8913K [0x00000000c0000000, 0x00000000c1580000, 0x00000000eab00000)
  object space 22016K, 40% used [0x00000000c0000000,0x00000000c08b4598,0x00000000c1580000)
 Metaspace       used 18299K, capacity 18466K, committed 18816K, reserved 1064960K
  class space    used 2524K, capacity 2595K, committed 2688K, reserved 1048576K
Event: 7.655 GC heap after
Heap after GC invocations=6 (full 0):
 PSYoungGen      total 73728K, used 4607K [0x00000000eab00000, 0x00000000ef900000, 0x0000000100000000)
  eden space 69120K, 0% used [0x00000000eab00000,0x00000000eab00000,0x00000000eee80000)
  from space 4608K, 99% used [0x00000000ef380000,0x00000000ef7ffd48,0x00000000ef800000)
  to   space 5120K, 0% used [0x00000000eee80000,0x00000000eee80000,0x00000000ef380000)
 ParOldGen       total 22016K, used 9142K [0x00000000c0000000, 0x00000000c1580000, 0x00000000eab00000)
  object space 22016K, 41% used [0x00000000c0000000,0x00000000c08edbf0,0x00000000c1580000)
 Metaspace       used 18299K, capacity 18466K, committed 18816K, reserved 1064960K
  class space    used 2524K, capacity 2595K, committed 2688K, reserved 1048576K
}
Event: 8.489 GC heap before
{Heap before GC invocations=7 (full 0):
 PSYoungGen      total 73728K, used 36564K [0x00000000eab00000, 0x00000000ef900000, 0x0000000100000000)
  eden space 69120K, 46% used [0x00000000eab00000,0x00000000eca35348,0x00000000eee80000)
  from space 4608K, 99% used [0x00000000ef380000,0x00000000ef7ffd48,0x00000000ef800000)
  to   space 5120K, 0% used [0x00000000eee80000,0x00000000eee80000,0x00000000ef380000)
 ParOldGen       total 22016K, used 9142K [0x00000000c0000000, 0x00000000c1580000, 0x00000000eab00000)
  object space 22016K, 41% used [0x00000000c0000000,0x00000000c08edbf0,0x00000000c1580000)
 Metaspace       used 20885K, capacity 21018K, committed 21248K, reserved 1067008K
  class space    used 2889K, capacity 2951K, committed 3072K, reserved 1048576K

