# JRE version: OpenJDK Runtime Environment (8.0_91-b14) (build 1.8.0_91-8u91-b14-3ubuntu1~16.04.1-b14)
# Java VM: OpenJDK 64-Bit Server VM (25.91-b14 mixed mode linux-amd64 compressed oops)
Heap:
 PSYoungGen      total 35840K, used 1004K [0x00000000eab00000, 0x00000000ecf00000, 0x0000000100000000)
  eden space 34816K, 0% used [0x00000000eab00000,0x00000000eab00000,0x00000000ecd00000)
  from space 1024K, 98% used [0x00000000ecd00000,0x00000000ecdfb2b8,0x00000000ece00000)
  to   space 1024K, 0% used [0x00000000ece00000,0x00000000ece00000,0x00000000ecf00000)
 ParOldGen       total 22016K, used 8279K [0x00000000c0000000, 0x00000000c1580000, 0x00000000eab00000)
  object space 22016K, 37% used [0x00000000c0000000,0x00000000c0815eb0,0x00000000c1580000)
 Metaspace       used 14349K, capacity 14580K, committed 14720K, reserved 1062912K
  class space    used 2014K, capacity 2085K, committed 2176K, reserved 1048576K
GC Heap History (9 events):
Event: 0.826 GC heap before
{Heap before GC invocations=1 (full 0):
 PSYoungGen      total 9728K, used 8704K [0x00000000eab00000, 0x00000000eb580000, 0x0000000100000000)
  eden space 8704K, 100% used [0x00000000eab00000,0x00000000eb380000,0x00000000eb380000)
  from space 1024K, 0% used [0x00000000eb480000,0x00000000eb480000,0x00000000eb580000)
  to   space 1024K, 0% used [0x00000000eb380000,0x00000000eb380000,0x00000000eb480000)
 ParOldGen       total 22016K, used 0K [0x00000000c0000000, 0x00000000c1580000, 0x00000000eab00000)
  object space 22016K, 0% used [0x00000000c0000000,0x00000000c0000000,0x00000000c1580000)
 Metaspace       used 3640K, capacity 5420K, committed 5504K, reserved 1056768K
  class space    used 489K, capacity 616K, committed 640K, reserved 1048576K
Event: 0.835 GC heap after
Heap after GC invocations=1 (full 0):
 PSYoungGen      total 9728K, used 1001K [0x00000000eab00000, 0x00000000ebe00000, 0x0000000100000000)
  eden space 8704K, 0% used [0x00000000eab00000,0x00000000eab00000,0x00000000eb380000)
  from space 1024K, 97% used [0x00000000eb380000,0x00000000eb47a528,0x00000000eb480000)
  to   space 1024K, 0% used [0x00000000ebd00000,0x00000000ebd00000,0x00000000ebe00000)
 ParOldGen       total 22016K, used 653K [0x00000000c0000000, 0x00000000c1580000, 0x00000000eab00000)
  object space 22016K, 2% used [0x00000000c0000000,0x00000000c00a3658,0x00000000c1580000)
 Metaspace       used 3640K, capacity 5420K, committed 5504K, reserved 1056768K
  class space    used 489K, capacity 616K, committed 640K, reserved 1048576K
}
Event: 1.161 GC heap before
{Heap before GC invocations=2 (full 0):
 PSYoungGen      total 9728K, used 9705K [0x00000000eab00000, 0x00000000ebe00000, 0x0000000100000000)
  eden space 8704K, 100% used [0x00000000eab00000,0x00000000eb380000,0x00000000eb380000)
  from space 1024K, 97% used [0x00000000eb380000,0x00000000eb47a528,0x00000000eb480000)
  to   space 1024K, 0% used [0x00000000ebd00000,0x00000000ebd00000,0x00000000ebe00000)
 ParOldGen       total 22016K, used 653K [0x00000000c0000000, 0x00000000c1580000, 0x00000000eab00000)
  object space 22016K, 2% used [0x00000000c0000000,0x00000000c00a3658,0x00000000c1580000)
 Metaspace       used 4853K, capacity 6476K, committed 6784K, reserved 1056768K
  class space    used 664K, capacity 776K, committed 896K, reserved 1048576K
Event: 1.168 GC heap after
Heap after GC invocations=2 (full 0):
 PSYoungGen      total 18432K, used 994K [0x00000000eab00000, 0x00000000ebe00000, 0x0000000100000000)
  eden space 17408K, 0% used [0x00000000eab00000,0x00000000eab00000,0x00000000ebc00000)
  from space 1024K, 97% used [0x00000000ebd00000,0x00000000ebdf8990,0x00000000ebe00000)
  to   space 1024K, 0% used [0x00000000ebc00000,0x00000000ebc00000,0x00000000ebd00000)
 ParOldGen       total 22016K, used 1441K [0x00000000c0000000, 0x00000000c1580000, 0x00000000eab00000)
  object space 22016K, 6% used [0x00000000c0000000,0x00000000c0168548,0x00000000c1580000)
 Metaspace       used 4853K, capacity 6476K, committed 6784K, reserved 1056768K
  class space    used 664K, capacity 776K, committed 896K, reserved 1048576K
}
Event: 2.030 GC heap before
{Heap before GC invocations=3 (full 0):
 PSYoungGen      total 18432K, used 18402K [0x00000000eab00000, 0x00000000ebe00000, 0x0000000100000000)
  eden space 17408K, 100% used [0x00000000eab00000,0x00000000ebc00000,0x00000000ebc00000)
  from space 1024K, 97% used [0x00000000ebd00000,0x00000000ebdf8990,0x00000000ebe00000)
  to   space 1024K, 0% used [0x00000000ebc00000,0x00000000ebc00000,0x00000000ebd00000)
 ParOldGen       total 22016K, used 1441K [0x00000000c0000000, 0x00000000c1580000, 0x00000000eab00000)
  object space 22016K, 6% used [0x00000000c0000000,0x00000000c0168548,0x00000000c1580000)
 Metaspace       used 7355K, capacity 8510K, committed 8576K, reserved 1056768K
  class space    used 1076K, capacity 1130K, committed 1152K, reserved 1048576K
Event: 2.063 GC heap after
Heap after GC invocations=3 (full 0):
 PSYoungGen      total 18432K, used 1020K [0x00000000eab00000, 0x00000000ecf00000, 0x0000000100000000)
  eden space 17408K, 0% used [0x00000000eab00000,0x00000000eab00000,0x00000000ebc00000)
  from space 1024K, 99% used [0x00000000ebc00000,0x00000000ebcff2a8,0x00000000ebd00000)
  to   space 1024K, 0% used [0x00000000ece00000,0x00000000ece00000,0x00000000ecf00000)
 ParOldGen       total 22016K, used 3474K [0x00000000c0000000, 0x00000000c1580000, 0x00000000eab00000)
  object space 22016K, 15% used [0x00000000c0000000,0x00000000c0364818,0x00000000c1580000)
 Metaspace       used 7355K, capacity 8510K, committed 8576K, reserved 1056768K
  class space    used 1076K, capacity 1130K, committed 1152K, reserved 1048576K
}
Event: 2.990 GC heap before
{Heap before GC invocations=4 (full 0):
 PSYoungGen      total 18432K, used 18428K [0x00000000eab00000, 0x00000000ecf00000, 0x0000000100000000)
  eden space 17408K, 100% used [0x00000000eab00000,0x00000000ebc00000,0x00000000ebc00000)
  from space 1024K, 99% used [0x00000000ebc00000,0x00000000ebcff2a8,0x00000000ebd00000)
  to   space 1024K, 0% used [0x00000000ece00000,0x00000000ece00000,0x00000000ecf00000)
 ParOldGen       total 22016K, used 3474K [0x00000000c0000000, 0x00000000c1580000, 0x00000000eab00000)
  object space 22016K, 15% used [0x00000000c0000000,0x00000000c0364818,0x00000000c1580000)
 Metaspace       used 10233K, capacity 10390K, committed 10496K, reserved 1058816K
  class space    used 1502K, capacity 1522K, committed 1536K, reserved 1048576K
Event: 3.015 GC heap after
Heap after GC invocations=4 (full 0):
 PSYoungGen      total 35840K, used 1020K [0x00000000eab00000, 0x00000000ecf00000, 0x0000000100000000)
  eden space 34816K, 0% used [0x00000000eab00000,0x00000000eab00000,0x00000000ecd00000)
  from space 1024K, 99% used [0x00000000ece00000,0x00000000eceff2a8,0x00000000ecf00000)
  to   space 1024K, 0% used [0x00000000ecd00000,0x00000000ecd00000,0x00000000ece00000)
 ParOldGen       total 22016K, used 5193K [0x00000000c0000000, 0x00000000c1580000, 0x00000000eab00000)
  object space 22016K, 23% used [0x00000000c0000000,0x00000000c0512678,0x00000000c1580000)
 Metaspace       used 10233K, capacity 10390K, committed 10496K, reserved 1058816K
  class space    used 1502K, capacity 1522K, committed 1536K, reserved 1048576K
}
Event: 5.208 GC heap before
{Heap before GC invocations=5 (full 0):
 PSYoungGen      total 35840K, used 35836K [0x00000000eab00000, 0x00000000ecf00000, 0x0000000100000000)
  eden space 34816K, 100% used [0x00000000eab00000,0x00000000ecd00000,0x00000000ecd00000)
  from space 1024K, 99% used [0x00000000ece00000,0x00000000eceff2a8,0x00000000ecf00000)
  to   space 1024K, 0% used [0x00000000ecd00000,0x00000000ecd00000,0x00000000ece00000)
 ParOldGen       total 22016K, used 5193K [0x00000000c0000000, 0x00000000c1580000, 0x00000000eab00000)
  object space 22016K, 23% used [0x00000000c0000000,0x00000000c0512678,0x00000000c1580000)
 Metaspace       used 14349K, capacity 14580K, committed 14720K, reserved 1062912K
  class space    used 2014K, capacity 2085K, committed 2176K, reserved 1048576K

